#
# There is insufficient memory for the Java Runtime Environment to continue.
# Native memory allocation (malloc) failed to allocate 495216 bytes for Chunk::new
# Possible reasons:
#   The system is out of physical RAM or swap space
#   The process is running with CompressedOops enabled, and the Java Heap may be blocking the growth of the native heap
# Possible solutions:
#   Reduce memory load on the system
#   Increase physical memory or swap space
#   Check if swap backing store is full
#   Decrease Java heap size (-Xmx/-Xms)
#   Decrease number of Java threads
#   Decrease Java thread stack sizes (-Xss)
#   Set larger code cache with -XX:ReservedCodeCacheSize=
#   JVM is running with Unscaled Compressed Oops mode in which the Java heap is
#     placed in the first 4GB address space. The Java Heap base address is the
#     maximum limit for the native heap growth. Please use -XX:HeapBaseMinAddress
#     to set the Java Heap base and to place the Java Heap above 4GB virtual address.
# This output file may be truncated or incomplete.
#
#  Out of Memory Error (./open/src/hotspot/share/memory/arena.cpp:195), pid=7068, tid=22484
#
# JRE version: OpenJDK Runtime Environment (15.0.1+9) (build 15.0.1+9-18)
# Java VM: OpenJDK 64-Bit Server VM (15.0.1+9-18, mixed mode, tiered, compressed oops, g1 gc, windows-amd64)
# No core dump will be written. Minidumps are not enabled by default on client versions of Windows
#

---------------  S U M M A R Y ------------

Command Line: -Dfile.encoding=windows-1252 -Dstdout.encoding=windows-1252 -Dstderr.encoding=windows-1252 -XX:+ShowCodeDetailsInExceptionMessages basicScript.Youtblike

Host: Intel(R) Core(TM) i5-1035G1 CPU @ 1.00GHz, 8 cores, 7G,  Windows 10 , 64 bit Build 22621 (10.0.22621.3958)
Time: Thu Oct 17 13:35:43 2024 India Standard Time elapsed time: 0.542539 seconds (0d 0h 0m 0s)

---------------  T H R E A D  ---------------

Current thread (0x00000166a0d95c10):  JavaThread "C2 CompilerThread1" daemon [_thread_in_native, id=22484, stack(0x0000001f8f100000,0x0000001f8f200000)]


Current CompileTask:
C2:    542  874 %     4       sun.security.util.AbstractAlgorithmConstraints::checkAlgorithm @ 98 (140 bytes)

Stack: [0x0000001f8f100000,0x0000001f8f200000]
Native frames: (J=compiled Java code, j=interpreted, Vv=VM code, C=native code)
V  [jvm.dll+0x62ae9a]
V  [jvm.dll+0x781389]
V  [jvm.dll+0x782ae3]
V  [jvm.dll+0x783143]
V  [jvm.dll+0x216265]
V  [jvm.dll+0x97efa]
V  [jvm.dll+0x985dc]
V  [jvm.dll+0x32e4c8]
V  [jvm.dll+0x2f78aa]
V  [jvm.dll+0x2f6c6a]
V  [jvm.dll+0x1ea645]
V  [jvm.dll+0x1e98ae]
V  [jvm.dll+0x1784c7]
V  [jvm.dll+0x1f9165]
V  [jvm.dll+0x1f720c]
V  [jvm.dll+0x74485d]
V  [jvm.dll+0x73d65a]
V  [jvm.dll+0x629c56]
C  [ucrtbase.dll+0x29333]
C  [KERNEL32.DLL+0x1257d]
C  [ntdll.dll+0x5af08]


---------------  P R O C E S S  ---------------

Threads class SMR info:
_java_thread_list=0x00000166a10df200, length=12, elements={
0x0000016685e99b10, 0x000001669ff694b0, 0x00000166a07c3020, 0x00000166a07d5660,
0x00000166a07e50a0, 0x00000166a07e7970, 0x00000166a07f92b0, 0x00000166a07ec240,
0x00000166a07ec750, 0x00000166a09b5020, 0x00000166a099c850, 0x00000166a0d95c10
}

Java Threads: ( => current thread )
  0x0000016685e99b10 JavaThread "main" [_thread_in_Java, id=12708, stack(0x0000001f8df00000,0x0000001f8e000000)]
  0x000001669ff694b0 JavaThread "Reference Handler" daemon [_thread_blocked, id=20952, stack(0x0000001f8e600000,0x0000001f8e700000)]
  0x00000166a07c3020 JavaThread "Finalizer" daemon [_thread_blocked, id=31156, stack(0x0000001f8e700000,0x0000001f8e800000)]
  0x00000166a07d5660 JavaThread "Signal Dispatcher" daemon [_thread_blocked, id=18060, stack(0x0000001f8e800000,0x0000001f8e900000)]
  0x00000166a07e50a0 JavaThread "Attach Listener" daemon [_thread_blocked, id=13388, stack(0x0000001f8e900000,0x0000001f8ea00000)]
  0x00000166a07e7970 JavaThread "Service Thread" daemon [_thread_blocked, id=18036, stack(0x0000001f8ea00000,0x0000001f8eb00000)]
  0x00000166a07f92b0 JavaThread "C2 CompilerThread0" daemon [_thread_blocked, id=13116, stack(0x0000001f8eb00000,0x0000001f8ec00000)]
  0x00000166a07ec240 JavaThread "C1 CompilerThread0" daemon [_thread_in_native, id=3244, stack(0x0000001f8ec00000,0x0000001f8ed00000)]
  0x00000166a07ec750 JavaThread "Sweeper thread" daemon [_thread_blocked, id=21668, stack(0x0000001f8ed00000,0x0000001f8ee00000)]
  0x00000166a09b5020 JavaThread "Notification Thread" daemon [_thread_blocked, id=28824, stack(0x0000001f8ee00000,0x0000001f8ef00000)]
  0x00000166a099c850 JavaThread "Common-Cleaner" daemon [_thread_blocked, id=28808, stack(0x0000001f8f000000,0x0000001f8f100000)]
=>0x00000166a0d95c10 JavaThread "C2 CompilerThread1" daemon [_thread_in_native, id=22484, stack(0x0000001f8f100000,0x0000001f8f200000)]

Other Threads:
  0x000001669ff68180 VMThread "VM Thread" [stack: 0x0000001f8e500000,0x0000001f8e600000] [id=18964]
  0x00000166a099c140 WatcherThread [stack: 0x0000001f8ef00000,0x0000001f8f000000] [id=13000]
  0x0000016685ed5fe0 GCTaskThread "GC Thread#0" [stack: 0x0000001f8e000000,0x0000001f8e100000] [id=27936]
  0x0000016685ee7fb0 ConcurrentGCThread "G1 Main Marker" [stack: 0x0000001f8e100000,0x0000001f8e200000] [id=15236]
  0x0000016685ee8fa0 ConcurrentGCThread "G1 Conc#0" [stack: 0x0000001f8e200000,0x0000001f8e300000] [id=31060]
  0x000001669fd980e0 ConcurrentGCThread "G1 Refine#0" [stack: 0x0000001f8e300000,0x0000001f8e400000] [id=12116]
  0x000001669fd98bf0 ConcurrentGCThread "G1 Young RemSet Sampling" [stack: 0x0000001f8e400000,0x0000001f8e500000] [id=28136]

Threads with active compile tasks:
C1 CompilerThread0      567  926       3       jdk.internal.misc.Unsafe::getLongUnaligned (173 bytes)
C2 CompilerThread1      567  874 %     4       sun.security.util.AbstractAlgorithmConstraints::checkAlgorithm @ 98 (140 bytes)

VM state: not at safepoint (normal execution)

VM Mutex/Monitor currently owned by a thread:  ([mutex/lock_event])
[0x0000016685e942b0] Compile_lock - owner thread: 0x0000000000000000

Heap address: 0x0000000084e00000, size: 1970 MB, Compressed Oops mode: 32-bit
CDS disabled.
Compressed class space mapped at: 0x0000000100000000-0x0000000140000000, size: 1073741824
Narrow klass base: 0x0000000000000000, Narrow klass shift: 3, Narrow klass range: 0x140000000

GC Precious Log:
 CPUs: 8 total, 8 available
 Memory: 7873M
 Large Page Support: Disabled
 NUMA Support: Disabled
 Compressed Oops: Enabled (32-bit)
 Heap Region Size: 1M
 Heap Min Capacity: 8M
 Heap Initial Capacity: 124M
 Heap Max Capacity: 1970M
 Pre-touch: Disabled
 Parallel Workers: 8
 Concurrent Workers: 2
 Concurrent Refinement Workers: 8
 Periodic GC: Disabled

Heap:
 garbage-first heap   total 126976K, used 16384K [0x0000000084e00000, 0x0000000100000000)
  region size 1024K, 16 young (16384K), 0 survivors (0K)
 Metaspace       used 13639K, capacity 13817K, committed 13952K, reserved 1062912K
  class space    used 1315K, capacity 1358K, committed 1408K, reserved 1048576K

Heap Regions: E=young(eden), S=young(survivor), O=old, HS=humongous(starts), HC=humongous(continues), CS=collection set, F=free, OA=open archive, CA=closed archive, TAMS=top-at-mark-start (previous, next)
|   0|0x0000000084e00000, 0x0000000084f00000, 0x0000000084f00000|100%|HS|  |TAMS 0x0000000084e00000, 0x0000000084e00000| Complete 
|   1|0x0000000084f00000, 0x0000000084f00000, 0x0000000085000000|  0%| F|  |TAMS 0x0000000084f00000, 0x0000000084f00000| Untracked 
|   2|0x0000000085000000, 0x0000000085000000, 0x0000000085100000|  0%| F|  |TAMS 0x0000000085000000, 0x0000000085000000| Untracked 
|   3|0x0000000085100000, 0x0000000085100000, 0x0000000085200000|  0%| F|  |TAMS 0x0000000085100000, 0x0000000085100000| Untracked 
|   4|0x0000000085200000, 0x0000000085200000, 0x0000000085300000|  0%| F|  |TAMS 0x0000000085200000, 0x0000000085200000| Untracked 
|   5|0x0000000085300000, 0x0000000085300000, 0x0000000085400000|  0%| F|  |TAMS 0x0000000085300000, 0x0000000085300000| Untracked 
|   6|0x0000000085400000, 0x0000000085400000, 0x0000000085500000|  0%| F|  
|   7|  0%| F|  
)