#
# There is insufficient memory for the Java Runtime Environment to continue.
# Native memory allocation (malloc) failed to allocate 390256 bytes for Chunk::new
# Possible reasons:
#   The system is out of physical RAM or swap space
#   The process is running with CompressedOops enabled, and the Java Heap may be blocking the growth of the native heap
# Possible solutions:
#   Reduce memory load on the system
#   Increase physical memory or swap space
#   Check if swap backing store is full
#   Decrease Java heap size (-Xmx/-Xms)
#   Decrease number of Java threads
#   Decrease Java thread stack sizes (-Xss)
#   Set larger code cache with -XX:ReservedCodeCacheSize=
#   JVM is running with Unscaled Compressed Oops mode in which the Java heap is
#     placed in the first 4GB address space. The Java Heap base address is the
#     maximum limit for the native heap growth. Please use -XX:HeapBaseMinAddress
#     to set the Java Heap base and to place the Java Heap above 4GB virtual address.
# This output file may be truncated or incomplete.
#
#  Out of Memory Error (./open/src/hotspot/share/memory/arena.cpp:195), pid=22052, tid=31468
#
# JRE version: OpenJDK Runtime Environment (15.0.1+9) (build 15.0.1+9-18)
# Java VM: OpenJDK 64-Bit Server VM (15.0.1+9-18, mixed mode, tiered, compressed oops, g1 gc, windows-amd64)
# No core dump will be written. Minidumps are not enabled by default on client versions of Windows
#

---------------  S U M M A R Y ------------

Command Line: -Dfile.encoding=windows-1252 -Dstdout.encoding=windows-1252 -Dstderr.encoding=windows-1252 -XX:+ShowCodeDetailsInExceptionMessages basicScript.Youtblike

Host: Intel(R) Core(TM) i5-1035G1 CPU @ 1.00GHz, 8 cores, 7G,  Windows 10 , 64 bit Build 22621 (10.0.22621.3958)
Time: Thu Oct 17 13:35:23 2024 India Standard Time elapsed time: 0.622751 seconds (0d 0h 0m 0s)

---------------  T H R E A D  ---------------

Current thread (0x000002c83d693fe0):  JavaThread "C2 CompilerThread0" daemon [_thread_in_native, id=31468, stack(0x000000db0cf00000,0x000000db0d000000)]


Current CompileTask:
C2:    622  872 %     4       sun.security.util.AbstractAlgorithmConstraints::checkAlgorithm @ 31 (140 bytes)

Stack: [0x000000db0cf00000,0x000000db0d000000]
Native frames: (J=compiled Java code, j=interpreted, Vv=VM code, C=native code)
V  [jvm.dll+0x62ae9a]
V  [jvm.dll+0x781389]
V  [jvm.dll+0x782ae3]
V  [jvm.dll+0x783143]
V  [jvm.dll+0x216265]
V  [jvm.dll+0x97efa]
V  [jvm.dll+0x985dc]
V  [jvm.dll+0x27a1bf]
V  [jvm.dll+0x5408d4]
V  [jvm.dll+0x1f3064]
V  [jvm.dll+0x1eca31]
V  [jvm.dll+0x1e97a7]
V  [jvm.dll+0x1784c7]
V  [jvm.dll+0x1f9165]
V  [jvm.dll+0x1f720c]
V  [jvm.dll+0x74485d]
V  [jvm.dll+0x73d65a]
V  [jvm.dll+0x629c56]
C  [ucrtbase.dll+0x29333]
C  [KERNEL32.DLL+0x1257d]
C  [ntdll.dll+0x5af08]


---------------  P R O C E S S  ---------------

Threads class SMR info:
_java_thread_list=0x000002c83d929140, length=12, elements={
0x000002c822d3a520, 0x000002c83d663010, 0x000002c83d667ae0, 0x000002c83d688330,
0x000002c83d689390, 0x000002c83d68dd50, 0x000002c83d693fe0, 0x000002c83d69b1c0,
0x000002c83d69cad0, 0x000002c83d814880, 0x000002c83d826c90, 0x000002c83d99c660
}

Java Threads: ( => current thread )
  0x000002c822d3a520 JavaThread "main" [_thread_in_Java, id=19020, stack(0x000000db0c300000,0x000000db0c400000)]
  0x000002c83d663010 JavaThread "Reference Handler" daemon [_thread_blocked, id=30436, stack(0x000000db0ca00000,0x000000db0cb00000)]
  0x000002c83d667ae0 JavaThread "Finalizer" daemon [_thread_blocked, id=31204, stack(0x000000db0cb00000,0x000000db0cc00000)]
  0x000002c83d688330 JavaThread "Signal Dispatcher" daemon [_thread_blocked, id=23104, stack(0x000000db0cc00000,0x000000db0cd00000)]
  0x000002c83d689390 JavaThread "Attach Listener" daemon [_thread_blocked, id=31068, stack(0x000000db0cd00000,0x000000db0ce00000)]
  0x000002c83d68dd50 JavaThread "Service Thread" daemon [_thread_blocked, id=31396, stack(0x000000db0ce00000,0x000000db0cf00000)]
=>0x000002c83d693fe0 JavaThread "C2 CompilerThread0" daemon [_thread_in_native, id=31468, stack(0x000000db0cf00000,0x000000db0d000000)]
  0x000002c83d69b1c0 JavaThread "C1 CompilerThread0" daemon [_thread_in_vm, id=30036, stack(0x000000db0d000000,0x000000db0d100000)]
  0x000002c83d69cad0 JavaThread "Sweeper thread" daemon [_thread_blocked, id=25820, stack(0x000000db0d100000,0x000000db0d200000)]
  0x000002c83d814880 JavaThread "Notification Thread" daemon [_thread_blocked, id=24512, stack(0x000000db0d200000,0x000000db0d300000)]
  0x000002c83d826c90 JavaThread "Common-Cleaner" daemon [_thread_blocked, id=17140, stack(0x000000db0d400000,0x000000db0d500000)]
  0x000002c83d99c660 JavaThread "C2 CompilerThread1" daemon [_thread_in_vm, id=28940, stack(0x000000db0d500000,0x000000db0d600000)]

Other Threads:
  0x000002c83d62ce60 VMThread "VM Thread" [stack: 0x000000db0c900000,0x000000db0ca00000] [id=27048]
  0x000002c83d85c630 WatcherThread [stack: 0x000000db0d300000,0x000000db0d400000] [id=28932]
  0x000002c822d71f50 GCTaskThread "GC Thread#0" [stack: 0x000000db0c400000,0x000000db0c500000] [id=28744]
  0x000002c822d85410 ConcurrentGCThread "G1 Main Marker" [stack: 0x000000db0c500000,0x000000db0c600000] [id=30928]
  0x000002c822d86000 ConcurrentGCThread "G1 Conc#0" [stack: 0x000000db0c600000,0x000000db0c700000] [id=18200]
  0x000002c822dde450 ConcurrentGCThread "G1 Refine#0" [stack: 0x000000db0c700000,0x000000db0c800000] [id=14780]
  0x000002c83cc45230 ConcurrentGCThread "G1 Young RemSet Sampling" [stack: 0x000000db0c800000,0x000000db0c900000] [id=5940]

Threads with active compile tasks:
C2 CompilerThread0      654  872 %     4       sun.security.util.AbstractAlgorithmConstraints::checkAlgorithm @ 31 (140 bytes)
C2 CompilerThread1      654  947       4       java.nio.ByteBufferAsCharBufferB::get (30 bytes)

VM state: not at safepoint (normal execution)

VM Mutex/Monitor currently owned by a thread: None

Heap address: 0x0000000084e00000, size: 1970 MB, Compressed Oops mode: 32-bit
CDS disabled.
Compressed class space mapped at: 0x0000000100000000-0x0000000140000000, size: 1073741824
Narrow klass base: 0x0000000000000000, Narrow klass shift: 3, Narrow klass range: 0x140000000

GC Precious Log:
 CPUs: 8 total, 8 available
 Memory: 7873M
 Large Page Support: Disabled
 NUMA Support: Disabled
 Compressed Oops: Enabled (32-bit)
 Heap Region Size: 1M
 Heap Min Capacity: 8M
 Heap Initial Capacity: 124M
 Heap Max Capacity: 1970M
 Pre-touch: Disabled
 Parallel Workers: 8
 Concurrent Workers: 2
 Concurrent Refinement Workers: 8
 Periodic GC: Disabled

Heap:
 garbage-first heap   total 126976K, used 16384K [0x0000000084e00000, 0x0000000100000000)
  region size 1024K, 16 young (16384K), 0 survivors (0K)
 Metaspace       used 13721K, capacity 13913K, committed 13952K, reserved 1062912K
  class space    used 1326K, capacity 1390K, committed 1408K, reserved 1048576K

Heap Regions: E=young(eden), S=young(survivor), O=old, HS=humongous(starts), HC=humongous(continues), CS=collection set, F=free, OA=open archive, CA=closed archive, TAMS=top-at-mark-start (previous, next)
|   0|0x0000000084e00000, 0x0000000084f00000, 0x0000000084f00000|100%|HS|  |TAMS 0x0000000084e00000, 0x0000000084e00000| Complete 
|   1|0x0000000084f00000, 0x0000000084f00000, 0x0000000085000000|  0%| F|  |TAMS 0x0000000084f00000, 0x0000000084f00000| Untracked 
|   2|0x0000000085000000, 0x0000000085000000, 0x0000000085100000|  0%| F|  |TAMS 0x0000000085000000, 0x0000000085000000| Untracked 
|   3|0x0000000085100000, 0x0000000085100000, 0x0000000085200000|  0%| F|  |TAMS 0x0000000085100000, 0x0000000085100000| Untracked 
|   4|0x0000000085200000, 0x0000000085200000, 0x0000000085300000|  0%| F|  |TAMS 0x0000000085200000, 0x0000000085200000| Untracked 
|   5|0x0000000085300000, 0x0000000085300000, 0x0000000085400000|  0%| F|  |TAMS 0x0000000085300000, 0x0000000085300000| Untracked 
|   6|0x0000000085400000, 0x0000000085400000, 0x0000000085500000|  0%| F|  |TAMS 0x0000000085400000, 0x0000000085400000| Untracked 
|   7|0x0000000085500000, 0x0000000085500000, 0x0000000085600000|  0%| F|  |TAMS 0x0000000085500000, 0x0000000085500000| Untracked 
|   8|0x0000000085600000, 0x0000000085600000, 0x0000000085700000|  0%| F|  |TAMS 0x0000000085600000, 0x0000000085600000| Untracked 
|   9|0x0000000085700000, 0x0000000085700000, 0x0000000085800000|  0%| F|  |TAMS 0x0000000085700000, 0x0000000085700000| Untracked 
|  10|0x0000000085800000, 0x0000000085800000, 0x0000000085900000|  0%| F|  |TAMS 0x0000000085800000, 0x0000000085800000| Untracked 
|  11|0x0000000085900000, 0x0000000085900000, 0x0000000085a00000|  0%| F|  |TAMS 0x0000000085900000, 0x0000000085900000| Untracked 
|  12|0x0000000085a00000, 0x0000000085a00000, 0x0000000085b00000|  0%| F|  |TAMS 0x0000000085a00000, 0x0000000085a00000| Untracked 
|  13|0x0000000085b00000, 0x0000000085b00000, 0x0000000085c00000|  0%| F|  |TAMS 0x0000000085b00000, 0x0000000085b00000| Untracked 
|  14|0x0000000085c00000, 0x0000000085c00000, 0x0000000085d00000|  0%| F|  |TAMS 0x0000000085c00000, 0x0000000085c00000| Untracked 
|  15|0x0000000085d00000, 0x0000000085d00000, 0x0000000085e00000|  0%| F|  |TAMS 0x0000000085d00000, 0x0000000085d00000| Untracked 
|  16|0x0000000085e00000, 0x0000000085e00000, 0x0000000085f00000|  0%| F|  |TAMS 0x0000000085e00000, 0x0000000085e00000| Untracked 
|  17|0x0000000085f00000, 0x0000000085f00000, 0x0000000086000000|  0%| F|  |TAMS 0x0000000085f00000, 0x0000000085f00000| Untracked 
|  18|0x0000000086000000, 0x0000000086000000, 0x0000000086100000|  0%| F|  |TAMS 0x0000000086000000, 0x0000000086000000| Untracked 
|  19|0x0000000086100000, 0x0000000086100000, 0x0000000086200000|  0%| F|  |TAMS 0x0000000086100000, 0x0000000086100000| Untracked 
|  20|0x0000000086200000, 0x0000000086200000, 0x0000000086300000|  0%| F|  |TAMS 0x0000000086200000, 0x0000000086200000| Untracked 
|  21|0x0000000086300000, 0x0000000086300000, 0x0000000086400000|  0%| F|  |TAMS 0x0000000086300000, 0x0000000086300000| Untracked 
|  22|0x0000000086400000, 0x0000000086400000, 0x0000000086500000|  0%| F|  |TAMS 0x0000000086400000, 0x0000000086400000| Untracked 
|  23|0x0000000086500000, 0x0000000086500000, 0x0000000086600000|  0%| F|  |TAMS 0x0000000086500000, 0x0000000086500000| Untracked 
|  24|0x0000000086600000, 0x0000000086600000, 0x0000000086700000|  0%| F|  |TAMS 0x0000000086600000, 0x0000000086600000| Untracked 
|  25|0x0000000086700000, 0x0000000086700000, 0x0000000086800000|  0%| F|  |TAMS 0x0000000086700000, 0x0000000086700000| Untracked 
|  26|0x0000000086800000, 0x0000000086800000, 0x0000000086900000|  0%| F|  |TAMS 0x0000000086800000, 0x0000000086800000| Untracked 
|  27|0x0000000086900000, 0x0000000086900000, 0x0000000086a00000|  0%| F|  |TAMS 0x0000000086900000, 0x0000000086900000| Untracked 
|  28|0x0000000086a00000, 0x0000000086a00000, 0x0000000086b00000|  0%| F|  |TAMS 0x0000000086a00000, 0x0000000086a00000| Untracked 
|  29|0x0000000086b00000, 0x0000000086b00000, 0x0000000086c00000|  0%| F|  |TAMS 0x0000000086b00000, 0x0000000086b00000| Untracked 
|  30|0x0000000086c00000, 0x0000000086c00000, 0x0000000086d00000|  0%| F|  |TAMS 0x0000000086c00000, 0x0000000086c00000| Untracked 
|  31|0x0000000086d00000, 0x0000000086d00000, 0x0000000086e00000|  0%| F|  |TAMS 0x0000000086d00000, 0x0000000086d00000| Untracked 
|  32|0x0000000086e00000, 0x0000000086e00000, 0x0000000086f00000|  0%| F|  |TAMS 0x0000000086e00000, 0x0000000086e00000| Untracked 
|  33|0x0000000086f00000, 0x0000000086f00000, 0x0000000087000000|  0%| F|  |TAMS 0x0000000086f00000, 0x0000000086f00000| Untracked 
|  34|0x0000000087000000, 0x0000000087000000, 0x0000000087100000|  0%| F|  |TAMS 0x0000000087000000, 0x0000000087000000| Untracked 
|  35|0x0000000087100000, 0x0000000087100000, 0x0000000087200000|  0%| F|  |TAMS 0x0000000087100000, 0x0000000087100000| Untracked 
|  36|0x0000000087200000, 0x0000000087200000, 0x0000000087300000|  0%| F|  |TAMS 0x0000000087200000, 0x0000000087200000| Untracked 
|  37|0x0000000087300000, 0x0000000087300000, 0x0000000087400000|  0%| F|  |TAMS 0x0000000087300000, 0x0000000087300000| Untracked 
|  38|0x0000000087400000, 0x0000000087400000, 0x0000000087500000|  0%| F|  |TAMS 0x0000000087400000, 0x0000000087400000| Untracked 
|  39|0x0000000087500000, 0x0000000087500000, 0x0000000087600000|  0%| F|  |TAMS 0x0000000087500000, 0x0000000087500000| Untracked 
|  40|0x0000000087600000, 0x0000000087600000, 0x0000000087700000|  0%| F|  |TAMS 0x0000000087600000, 0x0000000087600000| Untracked 
|  41|0x0000000087700000, 0x0000000087700000, 0x0000000087800000|  0%| F|  |TAMS 0x0000000087700000, 0x0000000087700000| Untracked 
|  42|0x0000000087800000, 0x0000000087800000, 0x0000000087900000|  0%| F|  |TAMS 0x0000000087800000, 0x0000000087800000| Untracked 
|  43|0x0000000087900000, 0x0000000087900000, 0x0000000087a00000|  0%| F|  |TAMS 0x0000000087900000, 0x0000000087900000| Untracked 
|  44|0x0000000087a00000, 0x0000000087a00000, 0x0000000087b00000|  0%| F|  |TAMS 0x0000000087a00000, 0x0000000087a00000| Untracked 
|  45|0x0000000087b00000, 0x0000000087b00000, 0x0000000087c00000|  0%| F|  |TAMS 0x0000000087b00000, 0x0000000087b00000| Untracked 
|  46|0x0000000087c00000, 0x0000000087c00000, 0x0000000087d00000|  0%| F|  |TAMS 0x0000000087c00000, 0x0000000087c00000| Untracked 
|  47|0x0000000087d00000, 0x0000000087d00000, 0x0000000087e00000|  0%| F|  |TAMS 0x0000000087d00000, 0x0000000087d00000| Untracked 
|  48|0x0000000087e00000, 0x0000000087e00000, 0x0000000087f00000|  0%| F|  |TAMS 0x0000000087e00000, 0x0000000087e00000| Untracked 
|  49|0x0000000087f00000, 0x0000000087f00000, 0x0000000088000000|  0%| F|  |TAMS 0x0000000087f00000, 0x0000000087f00000| Untracked 
|  50|0x0000000088000000, 0x0000000088000000, 0x0000000088100000|  0%| F|  |TAMS 0x0000000088000000, 0x0000000088000000| Untracked 
|  51|0x0000000088100000, 0x0000000088100000, 0x0000000088200000|  0%| F|  |TAMS 0x0000000088100000, 0x0000000088100000| Untracked 
|  52|0x0000000088200000, 0x0000000088200000, 0x0000000088300000|  0%| F|  |TAMS 0x0000000088200000, 0x0000000088200000| Untracked 
|  53|0x0000000088300000, 0x0000000088300000, 0x0000000088400000|  0%| F|  |TAMS 0x0000000088300000, 0x0000000088300000| Untracked 
|  54|0x0000000088400000, 0x0000000088400000, 0x0000000088500000|  0%| F|  |TAMS 0x0000000088400000, 0x0000000088400000| Untracked 
|  55|0x0000000088500000, 0x0000000088500000, 0x0000000088600000|  0%| F|  |TAMS 0x0000000088500000, 0x0000000088500000| Untracked 
|  56|0x0000000088600000, 0x0000000088600000, 0x0000000088700000|  0%| F|  |TAMS 0x0000000088600000, 0x0000000088600000| Untracked 
|  57|0x0000000088700000, 0x0000000088700000, 0x0000000088800000|  0%| F|  |TAMS 0x0000000088700000, 0x0000000088700000| Untracked 
|  58|0x0000000088800000, 0x0000000088800000, 0x0000000088900000|  0%| F|  |TAMS 0x0000000088800000, 0x0000000088800000| Untracked 
|  59|0x0000000088900000, 0x0000000088900000, 0x0000000088a00000|  0%| F|  |TAMS 0x0000000088900000, 0x0000000088900000| Untracked 
|  60|0x0000000088a00000, 0x0000000088a00000, 0x0000000088b00000|  0%| F|  |TAMS 0x0000000088a00000, 0x0000000088a00000| Untracked 
|  61|0x0000000088b00000, 0x0000000088b00000, 0x0000000088c00000|  0%| F|  |TAMS 0x0000000088b00000, 0x0000000088b00000| Untracked 
|  62|0x0000000088c00000, 0x0000000088c00000, 0x0000000088d00000|  0%| F|  |TAMS 0x0000000088c00000, 0x0000000088c00000| Untracked 
|  63|0x0000000088d00000, 0x0000000088d00000, 0x0000000088e00000|  0%| F|  |TAMS 0x0000000088d00000, 0x0000000088d00000| Untracked 
|  64|0x0000000088e00000, 0x0000000088e00000, 0x0000000088f00000|  0%| F|  |TAMS 0x0000000088e00000, 0x0000000088e00000| Untracked 
|  65|0x0000000088f00000, 0x0000000088f00000, 0x0000000089000000|  0%| F|  |TAMS 0x0000000088f00000, 0x0000000088f00000| Untracked 
|  66|0x0000000089000000, 0x0000000089000000, 0x0000000089100000|  0%| F|  |TAMS 0x0000000089000000, 0x0000000089000000| Untracked 
|  67|0x0000000089100000, 0x0000000089100000, 0x0000000089200000|  0%| F|  |TAMS 0x0000000089100000, 0x0000000089100000| Untracked 
|  68|0x0000000089200000, 0x0000000089200000, 0x0000000089300000|  0%| F|  |TAMS 0x0000000089200000, 0x0000000089200000| Untracked 
|  69|0x0000000089300000, 0x0000000089300000, 0x0000000089400000|  0%| F|  |TAMS 0x0000000089300000, 0x0000000089300000| Untracked 
|  70|0x0000000089400000, 0x0000000089400000, 0x0000000089500000|  0%| F|  |TAMS 0x0000000089400000, 0x0000000089400000| Untracked 
|  71|0x0000000089500000, 0x0000000089500000, 0x0000000089600000|  0%| F|  |TAMS 0x0000000089500000, 0x0000000089500000| Untracked 
|  72|0x0000000089600000, 0x0000000089600000, 0x0000000089700000|  0%| F|  |TAMS 0x0000000089600000, 0x0000000089600000| Untracked 
|  73|0x0000000089700000, 0x0000000089700000, 0x0000000089800000|  0%| F|  |TAMS 0x0000000089700000, 0x0000000089700000| Untracked 
|  74|0x0000000089800000, 0x0000000089800000, 0x0000000089900000|  0%| F|  |TAMS 0x0000000089800000, 0x0000000089800000| Untracked 
|  75|0x0000000089900000, 0x0000000089900000, 0x0000000089a00000|  0%| F|  |TAMS 0x0000000089900000, 0x0000000089900000| Untracked 
|  76|0x0000000089a00000, 0x0000000089a00000, 0x0000000089b00000|  0%| F|  |TAMS 0x0000000089a00000, 0x0000000089a00000| Untracked 
|  77|0x0000000089b00000, 0x0000000089b00000, 0x0000000089c00000|  0%| F|  |TAMS 0x0000000089b00000, 0x0000000089b00000| Untracked 
|  78|0x0000000089c00000, 0x0000000089c00000, 0x0000000089d00000|  0%| F|  |TAMS 0x0000000089c00000, 0x0000000089c00000| Untracked 
|  79|0x0000000089d00000, 0x0000000089d00000, 0x0000000089e00000|  0%| F|  |TAMS 0x0000000089d00000, 0x0000000089d00000| Untracked 
|  80|0x0000000089e00000, 0x0000000089e00000, 0x0000000089f00000|  0%| F|  |TAMS 0x0000000089e00000, 0x0000000089e00000| Untracked 
|  81|0x0000000089f00000, 0x0000000089f00000, 0x000000008a000000|  0%| F|  |TAMS 0x0000000089f00000, 0x0000000089f00000| Untracked 
|  82|0x000000008a000000, 0x000000008a000000, 0x000000008a100000|  0%| F|  |TAMS 0x000000008a000000, 0x000000008a000000| Untracked 
|  83|0x000000008a100000, 0x000000008a100000, 0x000000008a200000|  0%| F|  |TAMS 0x000000008a100000, 0x000000008a100000| Untracked 
|  84|0x000000008a200000, 0x000000008a200000, 0x000000008a300000|  0%| F|  |TAMS 0x000000008a200000, 0x000000008a200000| Untracked 
|  85|0x000000008a300000, 0x000000008a300000, 0x000000008a400000|  0%| F|  |TAMS 0x000000008a300000, 0x000000008a300000| Untracked 
|  86|0x000000008a400000, 0x000000008a400000, 0x000000008a500000|  0%| F|  |TAMS 0x000000008a400000, 0x000000008a400000| Untracked 
|  87|0x000000008a500000, 0x000000008a500000, 0x000000008a600000|  0%| F|  |TAMS 0x000000008a500000, 0x000000008a500000| Untracked 
|  88|0x000000008a600000, 0x000000008a600000, 0x000000008a700000|  0%| F|  |TAMS 0x000000008a600000, 0x000000008a600000| Untracked 
|  89|0x000000008a700000, 0x000000008a700000, 0x000000008a800000|  0%| F|  |TAMS 0x000000008a700000, 0x000000008a700000| Untracked 
|  90|0x000000008a800000, 0x000000008a800000, 0x000000008a900000|  0%| F|  |TAMS 0x000000008a800000, 0x000000008a800000| Untracked 
|  91|0x000000008a900000, 0x000000008a900000, 0x000000008aa00000|  0%| F|  |TAMS 0x000000008a900000, 0x000000008a900000| Untracked 
|  92|0x000000008aa00000, 0x000000008aa00000, 0x000000008ab00000|  0%| F|  |TAMS 0x000000008aa00000, 0x000000008aa00000| Untracked 
|  93|0x000000008ab00000, 0x000000008ab00000, 0x000000008ac00000|  0%| F|  |TAMS 0x000000008ab00000, 0x000000008ab00000| Untracked 
|  94|0x000000008ac00000, 0x000000008ac00000, 0x000000008ad00000|  0%| F|  |TAMS 0x000000008ac00000, 0x000000008ac00000| Untracked 
|  95|0x000000008ad00000, 0x000000008ad00000, 0x000000008ae00000|  0%| F|  |TAMS 0x000000008ad00000, 0x000000008ad00000| Untracked 
|  96|0x000000008ae00000, 0x000000008ae00000, 0x000000008af00000|  0%| F|  |TAMS 0x000000008ae00000, 0x000000008ae00000| Untracked 
|  97|0x000000008af00000, 0x000000008af00000, 0x000000008b000000|  0%| F|  |TAMS 0x000000008af00000, 0x000000008af00000| Untracked 
|  98|0x000000008b000000, 0x000000008b000000, 0x000000008b100000|  0%| F|  |TAMS 0x000000008b000000, 0x000000008b000000| Untracked 
|  99|0x000000008b100000, 0x000000008b100000, 0x000000008b200000|  0%| F|  |TAMS 0x000000008b100000, 0x000000008b100000| Untracked 
| 100|0x000000008b200000, 0x000000008b200000, 0x000000008b300000|  0%| F|  |TAMS 0x000000008b200000, 0x000000008b200000| Untracked 
| 101|0x000000008b300000, 0x000000008b300000, 0x000000008b400000|  0%| F|  |TAMS 0x000000008b300000, 0x000000008b300000| Untracked 
| 102|0x000000008b400000, 0x000000008b400000, 0x000000008b500000|  0%| F|  |TAMS 0x000000008b400000, 0x000000008b400000| Untracked 
| 103|0x000000008b500000, 0x000000008b500000, 0x000000008b600000|  0%| F|  |TAMS 0x000000008b500000, 0x000000008b500000| Untracked 
| 104|0x000000008b600000, 0x000000008b600000, 0x000000008b700000|  0%| F|  |TAMS 0x000000008b600000, 0x000000008b600000| Untracked 
| 105|0x000000008b700000, 0x000000008b700000, 0x000000008b800000|  0%| F|  |TAMS 0x000000008b700000, 0x000000008b700000| Untracked 
| 106|0x000000008b800000, 0x000000008b800000, 0x000000008b900000|  0%| F|  |TAMS 0x000000008b800000, 0x000000008b800000| Untracked 
| 107|0x000000008b900000, 0x000000008b900000, 0x000000008ba00000|  0%| F|  |TAMS 0x000000008b900000, 0x000000008b900000| Untracked 
| 108|0x000000008ba00000, 0x000000008bb00000, 0x000000008bb00000|100%| E|  |TAMS 0x000000008ba00000, 0x000000008ba00000| Complete 
| 109|0x000000008bb00000, 0x000000008bc00000, 0x000000008bc00000|100%| E|CS|TAMS 0x000000008bb00000, 0x000000008bb00000| Complete 
| 110|0x000000008bc00000, 0x000000008bd00000, 0x000000008bd00000|100%| E|CS|TAMS 0x000000008bc00000, 0x000000008bc00000| Complete 
| 111|0x000000008bd00000, 0x000000008be00000, 0x000000008be00000|100%| E|CS|TAMS 0x000000008bd00000, 0x000000008bd00000| Complete 
| 112|0x000000008be00000, 0x000000008bf00000, 0x000000008bf00000|100%| E|CS|TAMS 0x000000008be00000, 0x000000008be00000| Complete 
| 113|0x000000008bf00000, 0x000000008c000000, 0x000000008c000000|100%| E|CS|TAMS 0x000000008bf00000, 0x000000008bf00000| Complete 
| 114|0x000000008c000000, 0x000000008c100000, 0x000000008c100000|100%| E|CS|TAMS 0x000000008c000000, 0x000000008c000000| Complete 
| 115|0x000000008c100000, 0x000000008c200000, 0x000000008c200000|100%| E|CS|TAMS 0x000000008c100000, 0x000000008c100000| Complete 
| 116|0x000000008c200000, 0x000000008c300000, 0x000000008c300000|100%| E|CS|TAMS 0x000000008c200000, 0x000000008c200000| Complete 
| 117|0x000000008c300000, 0x000000008c400000, 0x000000008c400000|100%| E|CS|TAMS 0x000000008c300000, 0x000000008c300000| Complete 
| 118|0x000000008c400000, 0x000000008c500000, 0x000000008c500000|100%| E|CS|TAMS 0x000000008c400000, 0x000000008c400000| Complete 
| 119|0x000000008c500000, 0x000000008c600000, 0x000000008c600000|100%| E|CS|TAMS 0x000000008c500000, 0x000000008c500000| Complete 
| 120|0x000000008c600000, 0x000000008c700000, 0x000000008c700000|100%| E|CS|TAMS 0x000000008c600000, 0x000000008c600000| Complete 
| 121|0x000000008c700000, 0x000000008c800000, 0x000000008c800000|100%| E|CS|TAMS 0x000000008c700000, 0x000000008c700000| Complete 
| 122|0x000000008c800000, 0x000000008c900000, 0x000000008c900000|100%| E|CS|TAMS 0x000000008c800000, 0x000000008c800000| Complete 
| 123|0x000000008c900000, 0x000000008ca00000, 0x000000008ca00000|100%| E|CS|TAMS 0x000000008c900000, 0x000000008c900000| Complete 

Card table byte_map: [0x000002c835e30000,0x000002c836210000] _byte_map_base: 0x000002c835a09000

Marking Bits (Prev, Next): (CMBitMap*) 0x000002c822d737d0, (CMBitMap*) 0x000002c822d73810
 Prev Bits: [0x000002c8365f0000, 0x000002c8384b8000)
 Next Bits: [0x000002c8384c0000, 0x000002c83a388000)

Polling page: 0x000002c820c80000

Metaspace:

Usage:
  Non-class:     12.23 MB capacity,    12.12 MB (>99%) used,   105.44 KB ( <1%) free+waste,    11.81 KB ( <1%) overhead. 
      Class:      1.36 MB capacity,     1.30 MB ( 95%) used,    59.59 KB (  4%) free+waste,     4.12 KB ( <1%) overhead. 
       Both:     13.59 MB capacity,    13.42 MB ( 99%) used,   165.02 KB (  1%) free+waste,    15.94 KB ( <1%) overhead. 

Virtual space:
  Non-class space:       14.00 MB reserved,      12.25 MB ( 88%) committed 
      Class space:        1.00 GB reserved,       1.38 MB ( <1%) committed 
             Both:        1.01 GB reserved,      13.62 MB (  1%) committed 

Chunk freelists:
   Non-Class:  16.00 KB
       Class:  17.00 KB
        Both:  33.00 KB

MaxMetaspaceSize: 17179869184.00 GB
CompressedClassSpaceSize: 1.00 GB

CodeHeap 'non-profiled nmethods': size=120000Kb used=280Kb max_used=280Kb free=119719Kb
 bounds [0x000002c82e1f0000, 0x000002c82e460000, 0x000002c835720000]
CodeHeap 'profiled nmethods': size=120000Kb used=1570Kb max_used=1570Kb free=118429Kb
 bounds [0x000002c826cc0000, 0x000002c826f30000, 0x000002c82e1f0000]
CodeHeap 'non-nmethods': size=5760Kb used=1198Kb max_used=1198Kb free=4562Kb
 bounds [0x000002c826720000, 0x000002c826990000, 0x000002c826cc0000]
 total_blobs=1393 nmethods=960 adapters=344
 compilation: enabled
              stopped_count=0, restarted_count=0
 full_count=0

Compilation events (20 events):
Event: 0.597 Thread 0x000002c83d69b1c0 nmethod 885 0x000002c826e2c510 code [0x000002c826e2c6e0, 0x000002c826e2cbb8]
Event: 0.597 Thread 0x000002c83d69b1c0  886       3       java.lang.Integer::reverseBytes (28 bytes)
Event: 0.598 Thread 0x000002c83d69b1c0 nmethod 886 0x000002c826e2cd10 code [0x000002c826e2cea0, 0x000002c826e2cfb8]
Event: 0.598 Thread 0x000002c83d69b1c0  888       3       java.lang.ThreadLocal::getMap (5 bytes)
Event: 0.598 Thread 0x000002c83d69b1c0 nmethod 888 0x000002c826e2d090 code [0x000002c826e2d220, 0x000002c826e2d318]
Event: 0.598 Thread 0x000002c83d69b1c0  887       1       java.nio.charset.Charset::name (5 bytes)
Event: 0.598 Thread 0x000002c83d69b1c0 nmethod 887 0x000002c82e230090 code [0x000002c82e230220, 0x000002c82e2302d8]
Event: 0.598 Thread 0x000002c83d69b1c0  889       3       java.lang.ThreadLocal::get (38 bytes)
Event: 0.598 Thread 0x000002c83d69b1c0 nmethod 889 0x000002c826e2d410 code [0x000002c826e2d5e0, 0x000002c826e2d8a8]
Event: 0.598 Thread 0x000002c83d69b1c0  890       3       java.lang.ThreadLocal$ThreadLocalMap::getEntry (42 bytes)
Event: 0.598 Thread 0x000002c83d69b1c0 nmethod 890 0x000002c826e2da10 code [0x000002c826e2dbc0, 0x000002c826e2de68]
Event: 0.598 Thread 0x000002c83d99c660 nmethod 840 0x000002c82e230390 code [0x000002c82e230520, 0x000002c82e230638]
Event: 0.598 Thread 0x000002c83d99c660  844       4       java.util.HashMap::newNode (13 bytes)
Event: 0.599 Thread 0x000002c83d99c660 nmethod 844 0x000002c82e230790 code [0x000002c82e230920, 0x000002c82e230a18]
Event: 0.599 Thread 0x000002c83d99c660  880       4       java.util.HashSet::add (20 bytes)
Event: 0.600 Thread 0x000002c83d99c660 nmethod 880 0x000002c82e230b10 code [0x000002c82e230cc0, 0x000002c82e230f18]
Event: 0.600 Thread 0x000002c83d99c660  861       4       java.util.HashMap::put (13 bytes)
Event: 0.601 Thread 0x000002c83d99c660 nmethod 861 0x000002c82e231110 code [0x000002c82e2312a0, 0x000002c82e2313c8]
Event: 0.601 Thread 0x000002c83d99c660  858       4       java.util.HashMap$KeySet::iterator (12 bytes)
Event: 0.604 Thread 0x000002c83d99c660 nmethod 858 0x000002c82e231510 code [0x000002c82e2316a0, 0x000002c82e231958]

GC Heap History (0 events):
No events

Deoptimization events (14 events):
Event: 0.139 Thread 0x000002c822d3a520 Uncommon trap: trap_request=0xffffff45 fr.pc=0x000002c82e1f43ac relative=0x000000000000020c
Event: 0.139 Thread 0x000002c822d3a520 Uncommon trap: reason=unstable_if action=reinterpret pc=0x000002c82e1f43ac method=java.lang.String.hashCode()I @ 42 c2
Event: 0.139 Thread 0x000002c822d3a520 DEOPT PACKING pc=0x000002c82e1f43ac sp=0x000000db0c3fd440
Event: 0.139 Thread 0x000002c822d3a520 DEOPT UNPACKING pc=0x000002c82672852f sp=0x000000db0c3fd3d8 mode 2
Event: 0.368 Thread 0x000002c822d3a520 Uncommon trap: trap_request=0xffffff45 fr.pc=0x000002c82e20b540 relative=0x0000000000000220
Event: 0.368 Thread 0x000002c822d3a520 Uncommon trap: reason=unstable_if action=reinterpret pc=0x000002c82e20b540 method=java.lang.String.startsWith(Ljava/lang/String;I)Z @ 14 c2
Event: 0.368 Thread 0x000002c822d3a520 DEOPT PACKING pc=0x000002c82e20b540 sp=0x000000db0c3fdc10
Event: 0.368 Thread 0x000002c822d3a520 DEOPT UNPACKING pc=0x000002c82672852f sp=0x000000db0c3fdb70 mode 2
Event: 0.492 Thread 0x000002c822d3a520 DEOPT PACKING pc=0x000002c826dac238 sp=0x000000db0c3fe340
Event: 0.492 Thread 0x000002c822d3a520 DEOPT UNPACKING pc=0x000002c82676f6cf sp=0x000000db0c3fd7c0 mode 0
Event: 0.494 Thread 0x000002c822d3a520 DEOPT PACKING pc=0x000002c826dac238 sp=0x000000db0c3fe380
Event: 0.494 Thread 0x000002c822d3a520 DEOPT UNPACKING pc=0x000002c82676f6cf sp=0x000000db0c3fd800 mode 0
Event: 0.495 Thread 0x000002c822d3a520 DEOPT PACKING pc=0x000002c826dac238 sp=0x000000db0c3fe380
Event: 0.495 Thread 0x000002c822d3a520 DEOPT UNPACKING pc=0x000002c82676f6cf sp=0x000000db0c3fd800 mode 0

Classes unloaded (0 events):
No events

Classes redefined (0 events):
No events

Internal exceptions (14 events):
Event: 0.244 Thread 0x000002c822d3a520 Exception <a 'java/lang/NoSuchMethodError'{0x000000008c70f080}: 'void java.lang.invoke.DirectMethodHandle$Holder.invokeSpecial(java.lang.Object, java.lang.Object, java.lang.Object)'> (0x000000008c70f080) 
thrown [./open/src/hotspot/share/interpreter/linkResolver.cpp, line 782]
Event: 0.291 Thread 0x000002c822d3a520 Exception <a 'java/lang/NoSuchMethodError'{0x000000008c626c38}: 'java.lang.Object java.lang.invoke.DirectMethodHandle$Holder.invokeInterface(java.lang.Object, java.lang.Object)'> (0x000000008c626c38) 
thrown [./open/src/hotspot/share/interpreter/linkResolver.cpp, line 782]
Event: 0.291 Thread 0x000002c822d3a520 Exception <a 'java/lang/IncompatibleClassChangeError'{0x000000008c62a428}: Found class java.lang.Object, but interface was expected> (0x000000008c62a428) 
thrown [./open/src/hotspot/share/interpreter/linkResolver.cpp, line 848]
Event: 0.292 Thread 0x000002c822d3a520 Exception <a 'java/lang/NoSuchMethodError'{0x000000008c630290}: 'int java.lang.invoke.DirectMethodHandle$Holder.invokeVirtual(java.lang.Object, java.lang.Object)'> (0x000000008c630290) 
thrown [./open/src/hotspot/share/interpreter/linkResolver.cpp, line 782]
Event: 0.300 Thread 0x000002c822d3a520 Exception <a 'java/lang/NoSuchMethodError'{0x000000008c651090}: 'void java.lang.invoke.DirectMethodHandle$Holder.invokeStatic(java.lang.Object, java.lang.Object, java.lang.Object)'> (0x000000008c651090) 
thrown [./open/src/hotspot/share/interpreter/linkResolver.cpp, line 782]
Event: 0.351 Thread 0x000002c822d3a520 Exception <a 'java/lang/NoSuchMethodError'{0x000000008c5cb2d8}: 'java.lang.Object java.lang.invoke.DirectMethodHandle$Holder.invokeStatic(java.lang.Object)'> (0x000000008c5cb2d8) 
thrown [./open/src/hotspot/share/interpreter/linkResolver.cpp, line 782]
Event: 0.351 Thread 0x000002c822d3a520 Exception <a 'java/lang/NoSuchMethodError'{0x000000008c5cea28}: 'java.lang.Object java.lang.invoke.DirectMethodHandle$Holder.invokeStaticInit(java.lang.Object)'> (0x000000008c5cea28) 
thrown [./open/src/hotspot/share/interpreter/linkResolver.cpp, line 782]
Event: 0.360 Thread 0x000002c822d3a520 Exception <a 'java/lang/NoSuchMethodError'{0x000000008c5ddaa0}: 'void java.lang.invoke.DirectMethodHandle$Holder.invokeStatic(java.lang.Object, java.lang.Object)'> (0x000000008c5ddaa0) 
thrown [./open/src/hotspot/share/interpreter/linkResolver.cpp, line 782]
Event: 0.369 Thread 0x000002c822d3a520 Exception <a 'java/net/SocketException'{0x000000008c5eed88}: Socket is not connected: shutdown> (0x000000008c5eed88) 
thrown [./open/src/hotspot/share/prims/jni.cpp, line 599]
Event: 0.422 Thread 0x000002c822d3a520 Exception <a 'java/lang/NoSuchMethodError'{0x000000008c322f08}: 'void java.lang.invoke.DirectMethodHandle$Holder.invokeStaticInit(java.lang.Object, java.lang.Object)'> (0x000000008c322f08) 
thrown [./open/src/hotspot/share/interpreter/linkResolver.cpp, line 782]
Event: 0.532 Thread 0x000002c822d3a520 Exception <a 'java/lang/NoSuchMethodError'{0x000000008bebc3c0}: 'java.lang.Object java.lang.invoke.DirectMethodHandle$Holder.invokeStaticInit(java.lang.Object, int, int, int, int)'> (0x000000008bebc3c0) 
thrown [./open/src/hotspot/share/interpreter/linkResolver.cpp, line 782]
Event: 0.533 Thread 0x000002c822d3a520 Exception <a 'sun/nio/fs/WindowsException'{0x000000008bec3358}> (0x000000008bec3358) 
thrown [./open/src/hotspot/share/prims/jni.cpp, line 578]
Event: 0.545 Thread 0x000002c822d3a520 Exception <a 'java/lang/NoSuchMethodError'{0x000000008beeaed0}: 'int java.lang.invoke.DirectMethodHandle$Holder.invokeStaticInit(java.lang.Object, java.lang.Object, java.lang.Object, java.lang.Object)'> (0x000000008beeaed0) 
thrown [./open/src/hotspot/share/interpreter/linkResolver.cpp, line 782]
Event: 0.547 Thread 0x000002c822d3a520 Exception <a 'java/lang/NoSuchMethodError'{0x000000008befa5d8}: 'int java.lang.invoke.DirectMethodHandle$Holder.invokeStaticInit(java.lang.Object, java.lang.Object)'> (0x000000008befa5d8) 
thrown [./open/src/hotspot/share/interpreter/linkResolver.cpp, line 782]

Events (20 events):
Event: 0.590 loading class java/security/DrbgParameters$NextBytes
Event: 0.590 loading class java/security/DrbgParameters$NextBytes done
Event: 0.590 loading class sun/security/provider/AbstractDrbg$SeederHolder
Event: 0.590 loading class sun/security/provider/AbstractDrbg$SeederHolder done
Event: 0.590 loading class sun/security/provider/SeedGenerator
Event: 0.590 loading class sun/security/provider/SeedGenerator done
Event: 0.590 loading class sun/security/provider/NativeSeedGenerator
Event: 0.590 loading class sun/security/provider/NativeSeedGenerator done
Event: 0.596 loading class sun/security/provider/SeedGenerator$1
Event: 0.596 loading class sun/security/provider/SeedGenerator$1 done
Event: 0.596 loading class java/lang/StringCoding$StringEncoder
Event: 0.597 loading class java/lang/StringCoding$StringEncoder done
Event: 0.597 loading class sun/security/provider/ByteArrayAccess
Event: 0.597 loading class sun/security/provider/ByteArrayAccess done
Event: 0.599 loading class java/net/InterfaceAddress
Event: 0.599 loading class java/net/InterfaceAddress done
Event: 0.599 loading class java/net/DefaultInterface
Event: 0.599 loading class java/net/DefaultInterface done
Event: 0.609 loading class java/net/NetworkInterface$1
Event: 0.609 loading class java/net/NetworkInterface$1 done


Dynamic libraries:
0x00007ff627c90000 - 0x00007ff627c9d000 	C:\Users\sneha\.p2\pool\plugins\org.eclipse.justj.openjdk.hotspot.jre.full.win32.x86_64_15.0.1.v20201027-0507\jre\bin\javaw.exe
0x00007fff6d510000 - 0x00007fff6d727000 	C:\WINDOWS\SYSTEM32\ntdll.dll
0x00007fff6b360000 - 0x00007fff6b424000 	C:\WINDOWS\System32\KERNEL32.DLL
0x00007fff6aa00000 - 0x00007fff6adb7000 	C:\WINDOWS\System32\KERNELBASE.dll
0x00007fff6b080000 - 0x00007fff6b191000 	C:\WINDOWS\System32\ucrtbase.dll
0x00007fff631c0000 - 0x00007fff631d8000 	C:\Users\sneha\.p2\pool\plugins\org.eclipse.justj.openjdk.hotspot.jre.full.win32.x86_64_15.0.1.v20201027-0507\jre\bin\jli.dll
0x00007fff62f10000 - 0x00007fff62f29000 	C:\Users\sneha\.p2\pool\plugins\org.eclipse.justj.openjdk.hotspot.jre.full.win32.x86_64_15.0.1.v20201027-0507\jre\bin\VCRUNTIME140.dll
0x00007fff6c640000 - 0x00007fff6c7ef000 	C:\WINDOWS\System32\USER32.dll
0x00007fff6adc0000 - 0x00007fff6ade6000 	C:\WINDOWS\System32\win32u.dll
0x00007fff6c8b0000 - 0x00007fff6c8d9000 	C:\WINDOWS\System32\GDI32.dll
0x00007fff5e2c0000 - 0x00007fff5e553000 	C:\WINDOWS\WinSxS\amd64_microsoft.windows.common-controls_6595b64144ccf1df_6.0.22621.3672_none_2713b9d173822955\COMCTL32.dll
0x00007fff6d420000 - 0x00007fff6d4c7000 	C:\WINDOWS\System32\msvcrt.dll
0x00007fff6a820000 - 0x00007fff6a938000 	C:\WINDOWS\System32\gdi32full.dll
0x00007fff6b1a0000 - 0x00007fff6b23a000 	C:\WINDOWS\System32\msvcp_win.dll
0x00007fff6b240000 - 0x00007fff6b271000 	C:\WINDOWS\System32\IMM32.DLL
0x0000000062fe0000 - 0x0000000062fec000 	C:\Program Files (x86)\360\Total Security\safemon\SafeWrapper.dll
0x00007fff6ba30000 - 0x00007fff6bae2000 	C:\WINDOWS\System32\ADVAPI32.dll
0x00007fff6c7f0000 - 0x00007fff6c898000 	C:\WINDOWS\System32\sechost.dll
0x00007fff6b050000 - 0x00007fff6b078000 	C:\WINDOWS\System32\bcrypt.dll
0x00007fff6d2e0000 - 0x00007fff6d3f4000 	C:\WINDOWS\System32\RPCRT4.dll
0x00007fff567e0000 - 0x00007fff5688c000 	C:\Program Files (x86)\360\Total Security\safemon\libzdtp64.dll
0x00007fff6bb50000 - 0x00007fff6c3b9000 	C:\WINDOWS\System32\SHELL32.dll
0x00007fff6c3d0000 - 0x00007fff6c42e000 	C:\WINDOWS\System32\SHLWAPI.dll
0x00007fff6a260000 - 0x00007fff6a26a000 	C:\WINDOWS\SYSTEM32\VERSION.dll
0x00007fff64270000 - 0x00007fff6427c000 	C:\Users\sneha\.p2\pool\plugins\org.eclipse.justj.openjdk.hotspot.jre.full.win32.x86_64_15.0.1.v20201027-0507\jre\bin\vcruntime140_1.dll
0x00007fff56630000 - 0x00007fff566c1000 	C:\Users\sneha\.p2\pool\plugins\org.eclipse.justj.openjdk.hotspot.jre.full.win32.x86_64_15.0.1.v20201027-0507\jre\bin\msvcp140.dll
0x00007fff27d20000 - 0x00007fff2887e000 	C:\Users\sneha\.p2\pool\plugins\org.eclipse.justj.openjdk.hotspot.jre.full.win32.x86_64_15.0.1.v20201027-0507\jre\bin\server\jvm.dll
0x00007fff6c3c0000 - 0x00007fff6c3c8000 	C:\WINDOWS\System32\PSAPI.DLL
0x00007fff60c80000 - 0x00007fff60cb4000 	C:\WINDOWS\SYSTEM32\WINMM.dll
0x00007fff62c90000 - 0x00007fff62c99000 	C:\WINDOWS\SYSTEM32\WSOCK32.dll
0x00007fff6d0f0000 - 0x00007fff6d161000 	C:\WINDOWS\System32\WS2_32.dll
0x00007fff69800000 - 0x00007fff69818000 	C:\WINDOWS\SYSTEM32\kernel.appcore.dll
0x00007fff64250000 - 0x00007fff6425a000 	C:\Users\sneha\.p2\pool\plugins\org.eclipse.justj.openjdk.hotspot.jre.full.win32.x86_64_15.0.1.v20201027-0507\jre\bin\jimage.dll
0x00007fff64ed0000 - 0x00007fff65102000 	C:\WINDOWS\SYSTEM32\DBGHELP.DLL
0x00007fff6caa0000 - 0x00007fff6ce2e000 	C:\WINDOWS\System32\combase.dll
0x00007fff6b280000 - 0x00007fff6b357000 	C:\WINDOWS\System32\OLEAUT32.dll
0x00007fff5cc00000 - 0x00007fff5cc32000 	C:\WINDOWS\SYSTEM32\dbgcore.DLL
0x00007fff6afd0000 - 0x00007fff6b04b000 	C:\WINDOWS\System32\bcryptPrimitives.dll
0x00007fff62cf0000 - 0x00007fff62d15000 	C:\Users\sneha\.p2\pool\plugins\org.eclipse.justj.openjdk.hotspot.jre.full.win32.x86_64_15.0.1.v20201027-0507\jre\bin\java.dll
0x00007fff5ffa0000 - 0x00007fff5ffb8000 	C:\Users\sneha\.p2\pool\plugins\org.eclipse.justj.openjdk.hotspot.jre.full.win32.x86_64_15.0.1.v20201027-0507\jre\bin\zip.dll
0x00007fff68720000 - 0x00007fff6901f000 	C:\WINDOWS\SYSTEM32\windows.storage.dll
0x00007fff685e0000 - 0x00007fff6871f000 	C:\WINDOWS\SYSTEM32\wintypes.dll
0x00007fff6d1d0000 - 0x00007fff6d2c9000 	C:\WINDOWS\System32\SHCORE.dll
0x00007fff6a750000 - 0x00007fff6a777000 	C:\WINDOWS\SYSTEM32\profapi.dll
0x00007fff57750000 - 0x00007fff57769000 	C:\Users\sneha\.p2\pool\plugins\org.eclipse.justj.openjdk.hotspot.jre.full.win32.x86_64_15.0.1.v20201027-0507\jre\bin\net.dll
0x00007fff63d30000 - 0x00007fff63e66000 	C:\WINDOWS\SYSTEM32\WINHTTP.dll
0x00007fff69c70000 - 0x00007fff69cd9000 	C:\WINDOWS\system32\mswsock.dll
0x00007fff57420000 - 0x00007fff57432000 	C:\Users\sneha\.p2\pool\plugins\org.eclipse.justj.openjdk.hotspot.jre.full.win32.x86_64_15.0.1.v20201027-0507\jre\bin\nio.dll
0x00007fff692b0000 - 0x00007fff693b2000 	C:\WINDOWS\SYSTEM32\DNSAPI.dll
0x00007fff69280000 - 0x00007fff692ad000 	C:\WINDOWS\SYSTEM32\IPHLPAPI.DLL
0x00007fff6ca90000 - 0x00007fff6ca99000 	C:\WINDOWS\System32\NSI.dll
0x00007fff607c0000 - 0x00007fff607ca000 	C:\Windows\System32\rasadhlp.dll
0x00007fff62670000 - 0x00007fff626f3000 	C:\WINDOWS\System32\fwpuclnt.dll
0x00007fff63800000 - 0x00007fff6380d000 	C:\Users\sneha\.p2\pool\plugins\org.eclipse.justj.openjdk.hotspot.jre.full.win32.x86_64_15.0.1.v20201027-0507\jre\bin\sunmscapi.dll
0x00007fff6ae60000 - 0x00007fff6afc6000 	C:\WINDOWS\System32\CRYPT32.dll
0x00007fff6a0f0000 - 0x00007fff6a11d000 	C:\WINDOWS\SYSTEM32\ncrypt.dll
0x00007fff6a0b0000 - 0x00007fff6a0e7000 	C:\WINDOWS\SYSTEM32\NTASN1.dll
0x00007fff69ec0000 - 0x00007fff69edb000 	C:\WINDOWS\SYSTEM32\CRYPTSP.dll
0x00007fff69760000 - 0x00007fff69795000 	C:\WINDOWS\system32\rsaenh.dll
0x00007fff69d60000 - 0x00007fff69d88000 	C:\WINDOWS\SYSTEM32\USERENV.dll
0x00007fff69ee0000 - 0x00007fff69eec000 	C:\WINDOWS\SYSTEM32\CRYPTBASE.dll
0x00007fff63bb0000 - 0x00007fff63bc9000 	C:\WINDOWS\SYSTEM32\dhcpcsvc6.DLL
0x00007fff63b90000 - 0x00007fff63baf000 	C:\WINDOWS\SYSTEM32\dhcpcsvc.DLL

dbghelp: loaded successfully - version: 4.0.5 - missing functions: none
symbol engine: initialized successfully - sym options: 0x614 - pdb path: .;C:\Users\sneha\.p2\pool\plugins\org.eclipse.justj.openjdk.hotspot.jre.full.win32.x86_64_15.0.1.v20201027-0507\jre\bin;C:\WINDOWS\SYSTEM32;C:\WINDOWS\WinSxS\amd64_microsoft.windows.common-controls_6595b64144ccf1df_6.0.22621.3672_none_2713b9d173822955;C:\Program Files (x86)\360\Total Security\safemon;C:\Users\sneha\.p2\pool\plugins\org.eclipse.justj.openjdk.hotspot.jre.full.win32.x86_64_15.0.1.v20201027-0507\jre\bin\server

VM Arguments:
jvm_args: -Dfile.encoding=windows-1252 -Dstdout.encoding=windows-1252 -Dstderr.encoding=windows-1252 -XX:+ShowCodeDetailsInExceptionMessages 
java_command: basicScript.Youtblike
java_class_path (initial): C:\Users\sneha\eclipse-workspace\AutomationTesting\bin;C:\Users\sneha\eclipse-workspace\AutomationTesting\Software\selenium-server-standalone-3.141.59.jar
Launcher Type: SUN_STANDARD

[Global flags]
     intx CICompilerCount                          = 4                                         {product} {ergonomic}
     uint ConcGCThreads                            = 2                                         {product} {ergonomic}
     uint G1ConcRefinementThreads                  = 8                                         {product} {ergonomic}
   size_t G1HeapRegionSize                         = 1048576                                   {product} {ergonomic}
    uintx GCDrainStackTargetSize                   = 64                                        {product} {ergonomic}
   size_t InitialHeapSize                          = 130023424                                 {product} {ergonomic}
   size_t MarkStackSize                            = 4194304                                   {product} {ergonomic}
   size_t MaxHeapSize                              = 2065694720                                {product} {ergonomic}
   size_t MaxNewSize                               = 1239416832                                {product} {ergonomic}
   size_t MinHeapDeltaBytes                        = 1048576                                   {product} {ergonomic}
   size_t MinHeapSize                              = 8388608                                   {product} {ergonomic}
    uintx NonNMethodCodeHeapSize                   = 5839372                                {pd product} {ergonomic}
    uintx NonProfiledCodeHeapSize                  = 122909434                              {pd product} {ergonomic}
    uintx ProfiledCodeHeapSize                     = 122909434                              {pd product} {ergonomic}
    uintx ReservedCodeCacheSize                    = 251658240                              {pd product} {ergonomic}
     bool SegmentedCodeCache                       = true                                      {product} {ergonomic}
     bool ShowCodeDetailsInExceptionMessages       = true                                   {manageable} {command line}
   size_t SoftMaxHeapSize                          = 2065694720                             {manageable} {ergonomic}
     bool UseCompressedClassPointers               = true                                 {lp64_product} {ergonomic}
     bool UseCompressedOops                        = true                                 {lp64_product} {ergonomic}
     bool UseG1GC                                  = true                                      {product} {ergonomic}
     bool UseLargePagesIndividualAllocation        = false                                  {pd product} {ergonomic}

Logging:
Log output configuration:
 #0: stdout all=warning uptime,level,tags
 #1: stderr all=off uptime,level,tags

Environment Variables:
JAVA_HOME=C:\programfiles\java\jdk22
PATH=C:/Users/sneha/OneDrive/Desktop/eclipse//plugins/org.eclipse.justj.openjdk.hotspot.jre.full.win32.x86_64_21.0.3.v20240426-1530/jre/bin/server;C:/Users/sneha/OneDrive/Desktop/eclipse//plugins/org.eclipse.justj.openjdk.hotspot.jre.full.win32.x86_64_21.0.3.v20240426-1530/jre/bin;D:\app\sneha\product\11.2.0\dbhome_1\bin;C:\Program Files\Common Files\Oracle\Java\javapath;C:\WINDOWS\system32;C:\WINDOWS;C:\WINDOWS\System32\Wbem;C:\WINDOWS\System32\WindowsPowerShell\v1.0\;C:\WINDOWS\System32\OpenSSH\;C:\Program Files\MATLAB\R2020b\bin;C:\Users\sneha\AppData\Local\Programs\Python\Python39\Scripts\;C:\Users\sneha\AppData\Local\Programs\Python\Python39\;C:\Users\sneha\AppData\Local\Microsoft\WindowsApps;;C:\Users\sneha\AppData\Local\Programs\Microsoft VS Code\bin;C:\Users\sneha\OneDrive\Desktop\eclipse;
USERNAME=sneha
OS=Windows_NT
PROCESSOR_IDENTIFIER=Intel64 Family 6 Model 126 Stepping 5, GenuineIntel



---------------  S Y S T E M  ---------------

OS:
 Windows 10 , 64 bit Build 22621 (10.0.22621.3958)
OS uptime: 7 days 1:01 hours

CPU: total 8 (initial active 8) (4 cores per cpu, 2 threads per core) family 6 model 126 stepping 5 microcode 0xa0, cmov, cx8, fxsr, mmx, sse, sse2, sse3, ssse3, sse4.1, sse4.2, popcnt, vzeroupper, avx, avx2, aes, clmul, erms, 3dnowpref, lzcnt, ht, tsc, tscinvbit, bmi1, bmi2, adx, avx512f, avx512dq, avx512cd, avx512bw, avx512vl, avx512_vpopcntdq, avx512_vpclmulqdq, avx512_vbmi, avx512_vbmi2, avx512_vaes, avx512_vnni, sha, fma, clflush, clflushopt

Memory: 4k page, system-wide physical 7873M (515M free)
TotalPageFile size 10690M (AvailPageFile size 5M)
current process WorkingSet (physical memory assigned to process): 73M, peak: 73M
current process commit charge ("private bytes"): 218M, peak: 218M

vm_info: OpenJDK 64-Bit Server VM (15.0.1+9-18) for windows-amd64 JRE (15.0.1+9-18), built on Sep 15 2020 14:39:31 by "mach5one" with unknown MS VC++:1925

END.
